<?xml version="1.0" encoding="UTF-8"?>
<testng-results skipped="1" failed="0" total="2" passed="1">
  <reporter-output>
  </reporter-output>
  <suite name="Suite" duration-ms="36906" started-at="2020-08-03T05:29:09Z" finished-at="2020-08-03T05:29:45Z">
    <groups>
    </groups>
    <test name="FirefoxTest" duration-ms="850" started-at="2020-08-03T05:29:09Z" finished-at="2020-08-03T05:29:09Z">
      <class name="Org.qsp.TestNGDemo.Parallel2DifBrowser">
        <test-method status="FAIL" signature="bm(java.lang.String)[pri:0, instance:Org.qsp.TestNGDemo.Parallel2DifBrowser@5034c75a]" name="bm" is-config="true" duration-ms="0" started-at="2020-08-03T10:59:09Z" finished-at="2020-08-03T10:59:09Z">
          <params>
            <param index="0">
              <value>
                <![CDATA[firefox]]>
              </value>
            </param>
          </params>
          <exception class="org.openqa.selenium.WebDriverException">
            <message>
              <![CDATA[Cannot find firefox binary in PATH. Make sure firefox is installed. OS appears to be: WIN10
Build info: version: '3.141.59', revision: 'e82be7d358', time: '2018-11-14T08:25:53'
System info: host: 'DESKTOP-IG9QF6N', ip: '192.168.1.100', os.name: 'Windows 10', os.arch: 'amd64', os.version: '10.0', java.version: '1.8.0_231'
Driver info: driver.version: FirefoxDriver]]>
            </message>
            <full-stacktrace>
              <![CDATA[org.openqa.selenium.WebDriverException: Cannot find firefox binary in PATH. Make sure firefox is installed. OS appears to be: WIN10
Build info: version: '3.141.59', revision: 'e82be7d358', time: '2018-11-14T08:25:53'
System info: host: 'DESKTOP-IG9QF6N', ip: '192.168.1.100', os.name: 'Windows 10', os.arch: 'amd64', os.version: '10.0', java.version: '1.8.0_231'
Driver info: driver.version: FirefoxDriver
	at org.openqa.selenium.firefox.FirefoxBinary.<init>(FirefoxBinary.java:100)
	at java.util.Optional.orElseGet(Optional.java:267)
	at org.openqa.selenium.firefox.FirefoxOptions.getBinary(FirefoxOptions.java:216)
	at org.openqa.selenium.firefox.FirefoxDriver.toExecutor(FirefoxDriver.java:187)
	at org.openqa.selenium.firefox.FirefoxDriver.<init>(FirefoxDriver.java:147)
	at org.openqa.selenium.firefox.FirefoxDriver.<init>(FirefoxDriver.java:125)
	at Org.qsp.TestNGDemo.Parallel2DifBrowser.bm(Parallel2DifBrowser.java:24)
	at sun.reflect.NativeMethodAccessorImpl.invoke0(Native Method)
	at sun.reflect.NativeMethodAccessorImpl.invoke(NativeMethodAccessorImpl.java:62)
	at sun.reflect.DelegatingMethodAccessorImpl.invoke(DelegatingMethodAccessorImpl.java:43)
	at java.lang.reflect.Method.invoke(Method.java:498)
	at org.testng.internal.MethodInvocationHelper.invokeMethod(MethodInvocationHelper.java:86)
	at org.testng.internal.Invoker.invokeConfigurationMethod(Invoker.java:515)
	at org.testng.internal.Invoker.invokeConfigurations(Invoker.java:216)
	at org.testng.internal.Invoker.invokeMethod(Invoker.java:590)
	at org.testng.internal.Invoker.invokeTestMethod(Invoker.java:823)
	at org.testng.internal.Invoker.invokeTestMethods(Invoker.java:1131)
	at org.testng.internal.TestMethodWorker.invokeTestMethods(TestMethodWorker.java:129)
	at org.testng.internal.TestMethodWorker.run(TestMethodWorker.java:112)
	at org.testng.TestRunner.privateRun(TestRunner.java:778)
	at org.testng.TestRunner.run(TestRunner.java:632)
	at org.testng.SuiteRunner.runTest(SuiteRunner.java:366)
	at org.testng.SuiteRunner.access$000(SuiteRunner.java:39)
	at org.testng.SuiteRunner$SuiteWorker.run(SuiteRunner.java:400)
	at org.testng.internal.thread.ThreadUtil$2.call(ThreadUtil.java:64)
	at java.util.concurrent.FutureTask.run(FutureTask.java:266)
	at java.util.concurrent.ThreadPoolExecutor.runWorker(ThreadPoolExecutor.java:1149)
	at java.util.concurrent.ThreadPoolExecutor$Worker.run(ThreadPoolExecutor.java:624)
	at java.lang.Thread.run(Thread.java:748)
]]>
            </full-stacktrace>
          </exception> <!-- org.openqa.selenium.WebDriverException -->
          <reporter-output>
          </reporter-output>
        </test-method> <!-- bm -->
        <test-method status="SKIP" signature="m()[pri:0, instance:Org.qsp.TestNGDemo.Parallel2DifBrowser@5034c75a]" name="m" duration-ms="5" started-at="2020-08-03T10:59:09Z" finished-at="2020-08-03T10:59:09Z">
          <reporter-output>
          </reporter-output>
        </test-method> <!-- m -->
      </class> <!-- Org.qsp.TestNGDemo.Parallel2DifBrowser -->
    </test> <!-- FirefoxTest -->
    <test name="ChromeTest" duration-ms="36906" started-at="2020-08-03T05:29:09Z" finished-at="2020-08-03T05:29:45Z">
      <class name="Org.qsp.TestNGDemo.Parallel2DifBrowser">
        <test-method status="PASS" signature="bm(java.lang.String)[pri:0, instance:Org.qsp.TestNGDemo.Parallel2DifBrowser@5c7fa833]" name="bm" is-config="true" duration-ms="16902" started-at="2020-08-03T10:59:09Z" finished-at="2020-08-03T10:59:26Z">
          <params>
            <param index="0">
              <value>
                <![CDATA[chrome]]>
              </value>
            </param>
          </params>
          <reporter-output>
          </reporter-output>
        </test-method> <!-- bm -->
        <test-method status="PASS" signature="m()[pri:0, instance:Org.qsp.TestNGDemo.Parallel2DifBrowser@5c7fa833]" name="m" duration-ms="19947" started-at="2020-08-03T10:59:26Z" finished-at="2020-08-03T10:59:45Z">
          <reporter-output>
          </reporter-output>
        </test-method> <!-- m -->
      </class> <!-- Org.qsp.TestNGDemo.Parallel2DifBrowser -->
    </test> <!-- ChromeTest -->
  </suite> <!-- Suite -->
</testng-results>
